<?xml version="1.0" encoding="UTF-8"?>
<!-- Generated by org.testng.reporters.JUnitReportReporter -->
<testsuite hostname="DESKTOP-MCRAO25" failures="0" tests="3" name="testCases.EndToEndTest" time="17.717" errors="0" timestamp="2024-01-02T22:07:35 GMT-05:00" skipped="0">
  <testcase classname="testCases.EndToEndTest" name="LogoPrenseceTest" time="0.312"/>
  <testcase classname="testCases.EndToEndTest" name="DropDownTest" time="8.962"/>
  <testcase classname="testCases.EndToEndTest" name="ContactPageTest" time="8.443"/>
</testsuite> <!-- testCases.EndToEndTest -->
