<?xml version="1.0" encoding="UTF-8"?>
<!-- Generated by org.testng.reporters.JUnitReportReporter -->
<testsuite hostname="DESKTOP-MCRAO25" failures="0" tests="4" name="testCases.HomePageTest" time="3.925" errors="0" timestamp="2024-01-03T21:13:57 GMT-05:00" skipped="0">
  <testcase classname="testCases.HomePageTest" name="testLogo" time="1.423"/>
  <testcase classname="testCases.HomePageTest" name="testLogin" time="0.445"/>
  <testcase classname="testCases.HomePageTest" name="testsub" time="0.708"/>
  <testcase classname="testCases.HomePageTest" name="testsub2" time="1.349"/>
</testsuite> <!-- testCases.HomePageTest -->
