<?xml version="1.0" encoding="UTF-8"?>
<!-- Generated by org.testng.reporters.JUnitReportReporter -->
<testsuite hostname="DESKTOP-MCRAO25" failures="0" tests="2" name="day39.LoginTest" time="1.238" errors="0" timestamp="2023-12-31T20:49:18 GMT-05:00" skipped="0">
  <testcase classname="day39.LoginTest" name="testLogo" time="0.064"/>
  <testcase classname="day39.LoginTest" name="testLogin" time="1.174"/>
</testsuite> <!-- day39.LoginTest -->
