<?xml version="1.0" encoding="UTF-8"?>
<!-- Generated by org.testng.reporters.JUnitReportReporter -->
<testsuite hostname="DESKTOP-MCRAO25" failures="0" tests="1" name="testCases.test3" time="17.423" errors="0" timestamp="2024-01-01T22:54:36 GMT-05:00" skipped="0">
  <testcase classname="testCases.test3" name="testing" time="17.423"/>
</testsuite> <!-- testCases.test3 -->
