<?xml version="1.0" encoding="UTF-8"?>
<!-- Generated by org.testng.reporters.JUnitReportReporter -->
<testsuite hostname="DESKTOP-MCRAO25" failures="0" tests="1" name="testCases.debug" time="15.505" errors="0" timestamp="2024-01-01T23:04:05 GMT-05:00" skipped="0">
  <testcase classname="testCases.debug" name="testing" time="15.505"/>
</testsuite> <!-- testCases.debug -->
