<?xml version="1.0" encoding="UTF-8"?>
<!-- Generated by org.testng.reporters.JUnitReportReporter -->
<testsuite hostname="DESKTOP-MCRAO25" failures="0" tests="1" name="testCases.ContactTest" time="7.286" errors="0" timestamp="2024-01-03T20:57:40 GMT-05:00" skipped="0">
  <testcase classname="testCases.ContactTest" name="formTest" time="7.286"/>
</testsuite> <!-- testCases.ContactTest -->
