<?xml version="1.0" encoding="UTF-8"?>
<!-- Generated by org.testng.reporters.JUnitReportReporter -->
<testsuite hostname="DESKTOP-MCRAO25" failures="0" tests="4" name="testCases.HomePageTest" time="4.060" errors="0" timestamp="2024-01-03T20:57:40 GMT-05:00" skipped="0">
  <testcase classname="testCases.HomePageTest" name="testLogo" time="0.104"/>
  <testcase classname="testCases.HomePageTest" name="testLogin" time="0.912"/>
  <testcase classname="testCases.HomePageTest" name="testsub" time="1.431"/>
  <testcase classname="testCases.HomePageTest" name="testsub2" time="1.613"/>
</testsuite> <!-- testCases.HomePageTest -->
