<?xml version="1.0" encoding="UTF-8"?>
<!-- Generated by org.testng.reporters.JUnitReportReporter -->
<testsuite hostname="DESKTOP-MCRAO25" failures="0" tests="1" name="OrangeHRMLoginTestTest" time="15.793" errors="0" timestamp="2024-01-01T20:04:16 GMT-05:00" skipped="0">
  <testcase classname="OrangeHRMLoginTestTest" name="mainTest" time="15.793"/>
</testsuite> <!-- OrangeHRMLoginTestTest -->
