<?xml version="1.0" encoding="UTF-8"?>
<!-- Generated by org.testng.reporters.JUnitReportReporter -->
<testsuite hostname="DESKTOP-MCRAO25" failures="0" tests="2" name="day39.LoginTest" time="1.294" errors="0" timestamp="2024-01-01T20:04:16 GMT-05:00" skipped="0">
  <testcase classname="day39.LoginTest" name="testLogo" time="0.071"/>
  <testcase classname="day39.LoginTest" name="testLogin" time="1.223"/>
</testsuite> <!-- day39.LoginTest -->
