<?xml version="1.0" encoding="UTF-8"?>
<!-- Generated by org.testng.reporters.JUnitReportReporter -->
<testsuite hostname="DESKTOP-MCRAO25" failures="0" tests="4" name="testCases.EndToEndTest" time="18.290" errors="0" timestamp="2024-01-03T20:57:40 GMT-05:00" skipped="0">
  <testcase classname="testCases.EndToEndTest" name="LogoPrenseceTest" time="0.240"/>
  <testcase classname="testCases.EndToEndTest" name="DropDownTest" time="9.655"/>
  <testcase classname="testCases.EndToEndTest" name="AboutPageTest" time="1.205"/>
  <testcase classname="testCases.EndToEndTest" name="ContactPageTest" time="7.190"/>
</testsuite> <!-- testCases.EndToEndTest -->
