<?xml version="1.0" encoding="UTF-8"?>
<!-- Generated by org.testng.reporters.JUnitReportReporter -->
<testsuite hostname="DESKTOP-MCRAO25" failures="0" tests="4" name="testCases.HomePageTest" time="4.063" errors="0" timestamp="2024-01-02T21:02:56 GMT-05:00" skipped="0">
  <testcase classname="testCases.HomePageTest" name="testLogo" time="0.134"/>
  <testcase classname="testCases.HomePageTest" name="testLogin" time="0.923"/>
  <testcase classname="testCases.HomePageTest" name="testsub" time="1.446"/>
  <testcase classname="testCases.HomePageTest" name="testsub2" time="1.560"/>
</testsuite> <!-- testCases.HomePageTest -->
